<?xml version="1.0" encoding="UTF-8"?>
<!-- Generated by org.testng.reporters.JUnitXMLReporter -->
<testsuite ignored="7" hostname="Priyanka" failures="2" tests="2" name="Regression Test" time="0.277" errors="0" timestamp="2023-12-11T11:08:13 GMT">
  <testcase classname="com.nopcommerce.demo.testsuite.ComputerPageTest" name="verifyUserShouldNavigateToComputerPageSuccessfully" time="0.009">
    <failure type="java.lang.NullPointerException" message="Cannot invoke &amp;quot;org.openqa.selenium.SearchContext.findElement(org.openqa.selenium.By)&amp;quot; because &amp;quot;this.searchContext&amp;quot; is null">
      <![CDATA[java.lang.NullPointerException: Cannot invoke "org.openqa.selenium.SearchContext.findElement(org.openqa.selenium.By)" because "this.searchContext" is null
at org.openqa.selenium.support.pagefactory.DefaultElementLocator.findElement(DefaultElementLocator.java:68)
at org.openqa.selenium.support.pagefactory.internal.LocatingElementHandler.invoke(LocatingElementHandler.java:38)
at jdk.proxy2/jdk.proxy2.$Proxy14.click(Unknown Source)
at com.nopcommerce.demo.utilities.Utility.clickOnElement(Utility.java:53)
at com.nopcommerce.demo.pages.ComputerPage.clickOnComputerTab(ComputerPage.java:30)
at com.nopcommerce.demo.testsuite.ComputerPageTest.verifyUserShouldNavigateToComputerPageSuccessfully(ComputerPageTest.java:29)
at java.base/java.util.ArrayList.forEach(ArrayList.java:1511)
at com.intellij.rt.testng.IDEARemoteTestNG.run(IDEARemoteTestNG.java:66)
at com.intellij.rt.testng.RemoteTestNGStarter.main(RemoteTestNGStarter.java:105)
... Removed 24 stack frames]]>
    </failure>
  </testcase> <!-- verifyUserShouldNavigateToComputerPageSuccessfully -->
  <testcase classname="com.nopcommerce.demo.testsuite.ComputerPageTest" name="verifyUserShouldNavigateToComputerPageSuccessfully" time="0.06">
    <failure type="java.lang.NullPointerException" message="Cannot invoke &amp;quot;org.openqa.selenium.TakesScreenshot.getScreenshotAs(org.openqa.selenium.OutputType)&amp;quot; because &amp;quot;screenshot&amp;quot; is null">
      <![CDATA[java.lang.NullPointerException: Cannot invoke "org.openqa.selenium.TakesScreenshot.getScreenshotAs(org.openqa.selenium.OutputType)" because "screenshot" is null
at com.nopcommerce.demo.utilities.Utility.takeScreenShot(Utility.java:354)
at com.nopcommerce.demo.customlisteners.CustomListeners.onTestFailure(CustomListeners.java:37)
at java.base/java.util.ArrayList.forEach(ArrayList.java:1511)
at com.intellij.rt.testng.IDEARemoteTestNG.run(IDEARemoteTestNG.java:66)
at com.intellij.rt.testng.RemoteTestNGStarter.main(RemoteTestNGStarter.java:105)
... Removed 21 stack frames]]>
    </failure>
  </testcase> <!-- verifyUserShouldNavigateToComputerPageSuccessfully -->
  <testcase classname="com.nopcommerce.demo.testsuite.ComputerPageTest" name="VerifyThatUserShouldBuildYouOwnComputerAndAddThemToCartSuccessfully" time="0.0">
    <ignored/>
  </testcase> <!-- VerifyThatUserShouldBuildYouOwnComputerAndAddThemToCartSuccessfully -->
  <testcase classname="com.nopcommerce.demo.testsuite.RegisterPageTest" name="verifyThatFirstNameLastNameEmailPasswordAndConfirmPasswordFieldsAreMandetory" time="0.0">
    <ignored/>
  </testcase> <!-- verifyThatFirstNameLastNameEmailPasswordAndConfirmPasswordFieldsAreMandetory -->
  <testcase classname="com.nopcommerce.demo.testsuite.RegisterPageTest" name="VerifyThatUserShouldCreateAccountSuccessfully" time="0.0">
    <ignored/>
  </testcase> <!-- VerifyThatUserShouldCreateAccountSuccessfully -->
  <testcase classname="com.nopcommerce.demo.testsuite.LoginPageTest" name="VerifyThatUserShouldLogOutSuccessFully" time="0.0">
    <ignored/>
  </testcase> <!-- VerifyThatUserShouldLogOutSuccessFully -->
  <testcase classname="com.nopcommerce.demo.testsuite.ComputerPageTest" name="verifyUserShouldNavigateToDesktopsPageSuccessfully" time="0.0">
    <ignored/>
  </testcase> <!-- verifyUserShouldNavigateToDesktopsPageSuccessfully -->
  <testcase classname="com.nopcommerce.demo.testsuite.LoginPageTest" name="verifyThatUserShouldLogInSuccessFullyWithValidCredentials" time="0.0">
    <ignored/>
  </testcase> <!-- verifyThatUserShouldLogInSuccessFullyWithValidCredentials -->
  <testcase classname="com.nopcommerce.demo.testsuite.LoginPageTest" name="verifyTheErrorMessageWithInValidCredentials" time="0.0">
    <ignored/>
  </testcase> <!-- verifyTheErrorMessageWithInValidCredentials -->
</testsuite> <!-- Regression Test -->
